<component name="libraryTable">
  <library name="junit.jupiter" type="repository">
    <properties maven-id="org.junit.jupiter:junit-jupiter:5.9.1" />
    <CLASSES>
      <root url="jar://$PROJECT_DIR$/junit/junit-jupiter-5.9.1.jar!/" />
      <root url="jar://$PROJECT_DIR$/junit/junit-jupiter-api-5.9.1.jar!/" />
      <root url="jar://$PROJECT_DIR$/junit/opentest4j-1.2.0.jar!/" />
      <root url="jar://$PROJECT_DIR$/junit/junit-platform-commons-1.9.1.jar!/" />
      <root url="jar://$PROJECT_DIR$/junit/apiguardian-api-1.1.2.jar!/" />
      <root url="jar://$PROJECT_DIR$/junit/junit-jupiter-params-5.9.1.jar!/" />
      <root url="jar://$PROJECT_DIR$/junit/junit-jupiter-engine-5.9.1.jar!/" />
      <root url="jar://$PROJECT_DIR$/junit/junit-platform-engine-1.9.1.jar!/" />
    </CLASSES>
    <JAVADOC />
    <SOURCES />
  </library>
</component>